Experiment 'pythonaacf' is active
Experiment 'pythonTensorboardExperiment' is active
Experiment 'pythonSurveyNotificationcf' is active
Experiment 'PythonPyTorchProfiler' is active
Experiment 'pythonDeprecatePythonPath' is active
Experiment 'pythonInterpreterInfoUnpinned' is active
> conda info --json
> /bin/python3 ~/.vscode-server/extensions/ms-python.python-2022.6.2/pythonFiles/get_output_via_markers.py ~/.vscode-server/extensions/ms-python.python-2022.6.2/pythonFiles/interpreterInfo.py
> /usr/bin/python3 ~/.vscode-server/extensions/ms-python.python-2022.6.2/pythonFiles/get_output_via_markers.py ~/.vscode-server/extensions/ms-python.python-2022.6.2/pythonFiles/interpreterInfo.py
Python interpreter path: /bin/python3
Starting Jedi language server for reciclaProject.
> /bin/python3 -m autopep8 --diff ./users/api/api.py
cwd: .
> /bin/python3 -c "import autopep8"
> /bin/python3 -c "import autopep8"

Formatting with autopep8 failed.
You could either install the 'autopep8' formatter, turn it off or use another formatter.
Error: Module 'autopep8' not installed.
> /bin/python3 -m autopep8 --diff ./users/api/api.py.91902fa2b2ec1d632b43a0d07ae5b962.tmp
cwd: .
> /bin/python3 -c "import autopep8"
> /bin/python3 -c "import autopep8"

Formatting with autopep8 failed.
You could either install the 'autopep8' formatter, turn it off or use another formatter.
Error: Module 'autopep8' not installed.
> /bin/python3 -m autopep8 --diff --line-range 48 63 ./users/api/api.py.91902fa2b2ec1d632b43a0d07ae5b962.tmp
cwd: .
> /bin/python3 -c "import autopep8"
> /bin/python3 -c "import autopep8"

Formatting with autopep8 failed.
You could either install the 'autopep8' formatter, turn it off or use another formatter.
Error: Module 'autopep8' not installed.
> /bin/python3 -m autopep8 --diff ./users/api/api.py.91902fa2b2ec1d632b43a0d07ae5b962.tmp
cwd: .
> /bin/python3 -c "import autopep8"
> /bin/python3 -c "import autopep8"

Formatting with autopep8 failed.
You could either install the 'autopep8' formatter, turn it off or use another formatter.
Error: Module 'autopep8' not installed.
> /bin/python3 -m autopep8 --diff ./users/api/api.py
cwd: .
> /bin/python3 -c "import autopep8"
> /bin/python3 -c "import autopep8"

Formatting with autopep8 failed.
You could either install the 'autopep8' formatter, turn it off or use another formatter.
Error: Module 'autopep8' not installed.
