WARNING:pygls.protocol:Cancel notification for unknown message id "3"
WARNING:pygls.protocol:Cancel notification for unknown message id "6"
WARNING:pygls.protocol:Cancel notification for unknown message id "23"
WARNING:pygls.protocol:Cancel notification for unknown message id "46"
WARNING:pygls.protocol:Cancel notification for unknown message id "49"
WARNING:pygls.protocol:Cancel notification for unknown message id "47"
WARNING:pygls.protocol:Cancel notification for unknown message id "48"
WARNING:pygls.protocol:Cancel notification for unknown message id "51"
WARNING:pygls.protocol:Cancel notification for unknown message id "50"
WARNING:pygls.protocol:Cancel notification for unknown message id "52"
WARNING:pygls.protocol:Cancel notification for unknown message id "55"
WARNING:pygls.protocol:Cancel notification for unknown message id "54"
WARNING:pygls.protocol:Cancel notification for unknown message id "77"
WARNING:pygls.protocol:Cancel notification for unknown message id "78"
WARNING:pygls.protocol:Cancel notification for unknown message id "79"
WARNING:pygls.protocol:Cancel notification for unknown message id "82"
WARNING:pygls.protocol:Cancel notification for unknown message id "81"
WARNING:pygls.protocol:Cancel notification for unknown message id "116"
WARNING:pygls.protocol:Cancel notification for unknown message id "123"
WARNING:pygls.protocol:Cancel notification for unknown message id "126"
WARNING:pygls.protocol:Cancel notification for unknown message id "127"
WARNING:pygls.protocol:Cancel notification for unknown message id "182"
WARNING:pygls.protocol:Cancel notification for unknown message id "184"
WARNING:pygls.protocol:Cancel notification for unknown message id "192"
WARNING:pygls.protocol:Cancel notification for unknown message id "211"
WARNING:pygls.protocol:Cancel notification for unknown message id "287"
WARNING:pygls.protocol:Cancel notification for unknown message id "298"
ERROR:pygls.protocol:Failed to handle request 316 textDocument/codeAction partial_result_token=None work_done_token=None text_document=TextDocumentIdentifier(uri='file:///home/ubuntu/reciclaProject/users/api/api.py') range=53:28-53:28 context=CodeActionContext(diagnostics=[], only=None)
Traceback (most recent call last):
  File "/home/ubuntu/.vscode-server/extensions/ms-python.python-2022.6.2/pythonFiles/lib/jedilsp/pygls/protocol.py", line 331, in _handle_request
    self._execute_request(msg_id, handler, params)
  File "/home/ubuntu/.vscode-server/extensions/ms-python.python-2022.6.2/pythonFiles/lib/jedilsp/pygls/protocol.py", line 260, in _execute_request
    method_name, method_type, msg_id, handler(params))
  File "/home/ubuntu/.vscode-server/extensions/ms-python.python-2022.6.2/pythonFiles/lib/jedilsp/jedi_language_server/server.py", line 551, in code_action
    extract_variable_refactoring = jedi_script.extract_variable(
  File "/home/ubuntu/.vscode-server/extensions/ms-python.python-2022.6.2/pythonFiles/lib/jedilsp/jedi/api/helpers.py", line 487, in wrapper
    return func(self, line, column, *args, **kwargs)
  File "/home/ubuntu/.vscode-server/extensions/ms-python.python-2022.6.2/pythonFiles/lib/jedilsp/jedi/api/__init__.py", line 615, in extract_variable
    return extract_variable(
  File "/home/ubuntu/.vscode-server/extensions/ms-python.python-2022.6.2/pythonFiles/lib/jedilsp/jedi/api/refactoring/extract.py", line 19, in extract_variable
    nodes = _find_nodes(module_node, pos, until_pos)
  File "/home/ubuntu/.vscode-server/extensions/ms-python.python-2022.6.2/pythonFiles/lib/jedilsp/jedi/api/refactoring/extract.py", line 87, in _find_nodes
    nodes = _remove_unwanted_expression_nodes(parent_node, pos, until_pos)
  File "/home/ubuntu/.vscode-server/extensions/ms-python.python-2022.6.2/pythonFiles/lib/jedilsp/jedi/api/refactoring/extract.py", line 198, in _remove_unwanted_expression_nodes
    nodes[0:1] = _remove_unwanted_expression_nodes(nodes[0], pos, until_pos)
  File "/home/ubuntu/.vscode-server/extensions/ms-python.python-2022.6.2/pythonFiles/lib/jedilsp/jedi/api/refactoring/extract.py", line 196, in _remove_unwanted_expression_nodes
    nodes = nodes[start_index:end_index + 1]
UnboundLocalError: local variable 'start_index' referenced before assignment
[Error - 12:36:57 AM] Request textDocument/codeAction failed.
  Message: UnboundLocalError: local variable 'start_index' referenced before assignment
  Code: -32602 
{'traceback': ['  File "/home/ubuntu/.vscode-server/extensions/ms-python.python-2022.6.2/pythonFiles/lib/jedilsp/pygls/protocol.py", line 331, in _handle_request\n    self._execute_request(msg_id, handler, params)\n', '  File "/home/ubuntu/.vscode-server/extensions/ms-python.python-2022.6.2/pythonFiles/lib/jedilsp/pygls/protocol.py", line 260, in _execute_request\n    method_name, method_type, msg_id, handler(params))\n', '  File "/home/ubuntu/.vscode-server/extensions/ms-python.python-2022.6.2/pythonFiles/lib/jedilsp/jedi_language_server/server.py", line 551, in code_action\n    extract_variable_refactoring = jedi_script.extract_variable(\n', '  File "/home/ubuntu/.vscode-server/extensions/ms-python.python-2022.6.2/pythonFiles/lib/jedilsp/jedi/api/helpers.py", line 487, in wrapper\n    return func(self, line, column, *args, **kwargs)\n', '  File "/home/ubuntu/.vscode-server/extensions/ms-python.python-2022.6.2/pythonFiles/lib/jedilsp/jedi/api/__init__.py", line 615, in extract_variable\n    return extract_variable(\n', '  File "/home/ubuntu/.vscode-server/extensions/ms-python.python-2022.6.2/pythonFiles/lib/jedilsp/jedi/api/refactoring/extract.py", line 19, in extract_variable\n    nodes = _find_nodes(module_node, pos, until_pos)\n', '  File "/home/ubuntu/.vscode-server/extensions/ms-python.python-2022.6.2/pythonFiles/lib/jedilsp/jedi/api/refactoring/extract.py", line 87, in _find_nodes\n    nodes = _remove_unwanted_expression_nodes(parent_node, pos, until_pos)\n', '  File "/home/ubuntu/.vscode-server/extensions/ms-python.python-2022.6.2/pythonFiles/lib/jedilsp/jedi/api/refactoring/extract.py", line 198, in _remove_unwanted_expression_nodes\n    nodes[0:1] = _remove_unwanted_expression_nodes(nodes[0], pos, until_pos)\n', '  File "/home/ubuntu/.vscode-server/extensions/ms-python.python-2022.6.2/pythonFiles/lib/jedilsp/jedi/api/refactoring/extract.py", line 196, in _remove_unwanted_expression_nodes\n    nodes = nodes[start_index:end_index + 1]\n']}
WARNING:pygls.protocol:Cancel notification for unknown message id "318"
WARNING:pygls.protocol:Cancel notification for unknown message id "319"
WARNING:pygls.protocol:Cancel notification for unknown message id "340"
WARNING:pygls.protocol:Cancel notification for unknown message id "360"
WARNING:pygls.protocol:Cancel notification for unknown message id "362"
WARNING:pygls.protocol:Cancel notification for unknown message id "363"
ERROR:pygls.protocol:Failed to handle request 367 textDocument/codeAction partial_result_token=None work_done_token=None text_document=TextDocumentIdentifier(uri='file:///home/ubuntu/reciclaProject/users/api/api.py') range=54:28-54:28 context=CodeActionContext(diagnostics=[], only=None)
Traceback (most recent call last):
  File "/home/ubuntu/.vscode-server/extensions/ms-python.python-2022.6.2/pythonFiles/lib/jedilsp/pygls/protocol.py", line 331, in _handle_request
    self._execute_request(msg_id, handler, params)
  File "/home/ubuntu/.vscode-server/extensions/ms-python.python-2022.6.2/pythonFiles/lib/jedilsp/pygls/protocol.py", line 260, in _execute_request
    method_name, method_type, msg_id, handler(params))
  File "/home/ubuntu/.vscode-server/extensions/ms-python.python-2022.6.2/pythonFiles/lib/jedilsp/jedi_language_server/server.py", line 551, in code_action
    extract_variable_refactoring = jedi_script.extract_variable(
  File "/home/ubuntu/.vscode-server/extensions/ms-python.python-2022.6.2/pythonFiles/lib/jedilsp/jedi/api/helpers.py", line 487, in wrapper
    return func(self, line, column, *args, **kwargs)
  File "/home/ubuntu/.vscode-server/extensions/ms-python.python-2022.6.2/pythonFiles/lib/jedilsp/jedi/api/__init__.py", line 615, in extract_variable
    return extract_variable(
  File "/home/ubuntu/.vscode-server/extensions/ms-python.python-2022.6.2/pythonFiles/lib/jedilsp/jedi/api/refactoring/extract.py", line 19, in extract_variable
    nodes = _find_nodes(module_node, pos, until_pos)
  File "/home/ubuntu/.vscode-server/extensions/ms-python.python-2022.6.2/pythonFiles/lib/jedilsp/jedi/api/refactoring/extract.py", line 87, in _find_nodes
    nodes = _remove_unwanted_expression_nodes(parent_node, pos, until_pos)
  File "/home/ubuntu/.vscode-server/extensions/ms-python.python-2022.6.2/pythonFiles/lib/jedilsp/jedi/api/refactoring/extract.py", line 198, in _remove_unwanted_expression_nodes
    nodes[0:1] = _remove_unwanted_expression_nodes(nodes[0], pos, until_pos)
  File "/home/ubuntu/.vscode-server/extensions/ms-python.python-2022.6.2/pythonFiles/lib/jedilsp/jedi/api/refactoring/extract.py", line 196, in _remove_unwanted_expression_nodes
    nodes = nodes[start_index:end_index + 1]
UnboundLocalError: local variable 'start_index' referenced before assignment
[Error - 12:37:28 AM] Request textDocument/codeAction failed.
  Message: UnboundLocalError: local variable 'start_index' referenced before assignment
  Code: -32602 
{'traceback': ['  File "/home/ubuntu/.vscode-server/extensions/ms-python.python-2022.6.2/pythonFiles/lib/jedilsp/pygls/protocol.py", line 331, in _handle_request\n    self._execute_request(msg_id, handler, params)\n', '  File "/home/ubuntu/.vscode-server/extensions/ms-python.python-2022.6.2/pythonFiles/lib/jedilsp/pygls/protocol.py", line 260, in _execute_request\n    method_name, method_type, msg_id, handler(params))\n', '  File "/home/ubuntu/.vscode-server/extensions/ms-python.python-2022.6.2/pythonFiles/lib/jedilsp/jedi_language_server/server.py", line 551, in code_action\n    extract_variable_refactoring = jedi_script.extract_variable(\n', '  File "/home/ubuntu/.vscode-server/extensions/ms-python.python-2022.6.2/pythonFiles/lib/jedilsp/jedi/api/helpers.py", line 487, in wrapper\n    return func(self, line, column, *args, **kwargs)\n', '  File "/home/ubuntu/.vscode-server/extensions/ms-python.python-2022.6.2/pythonFiles/lib/jedilsp/jedi/api/__init__.py", line 615, in extract_variable\n    return extract_variable(\n', '  File "/home/ubuntu/.vscode-server/extensions/ms-python.python-2022.6.2/pythonFiles/lib/jedilsp/jedi/api/refactoring/extract.py", line 19, in extract_variable\n    nodes = _find_nodes(module_node, pos, until_pos)\n', '  File "/home/ubuntu/.vscode-server/extensions/ms-python.python-2022.6.2/pythonFiles/lib/jedilsp/jedi/api/refactoring/extract.py", line 87, in _find_nodes\n    nodes = _remove_unwanted_expression_nodes(parent_node, pos, until_pos)\n', '  File "/home/ubuntu/.vscode-server/extensions/ms-python.python-2022.6.2/pythonFiles/lib/jedilsp/jedi/api/refactoring/extract.py", line 198, in _remove_unwanted_expression_nodes\n    nodes[0:1] = _remove_unwanted_expression_nodes(nodes[0], pos, until_pos)\n', '  File "/home/ubuntu/.vscode-server/extensions/ms-python.python-2022.6.2/pythonFiles/lib/jedilsp/jedi/api/refactoring/extract.py", line 196, in _remove_unwanted_expression_nodes\n    nodes = nodes[start_index:end_index + 1]\n']}
WARNING:pygls.protocol:Cancel notification for unknown message id "376"
WARNING:pygls.protocol:Cancel notification for unknown message id "380"
WARNING:pygls.protocol:Cancel notification for unknown message id "382"
WARNING:pygls.protocol:Cancel notification for unknown message id "385"
WARNING:pygls.protocol:Cancel notification for unknown message id "386"
WARNING:pygls.protocol:Cancel notification for unknown message id "395"
WARNING:pygls.protocol:Cancel notification for unknown message id "398"
WARNING:pygls.protocol:Cancel notification for unknown message id "399"
ERROR:pygls.protocol:Failed to handle request 401 textDocument/codeAction partial_result_token=None work_done_token=None text_document=TextDocumentIdentifier(uri='file:///home/ubuntu/reciclaProject/users/api/api.py') range=54:28-54:28 context=CodeActionContext(diagnostics=[], only=None)
Traceback (most recent call last):
  File "/home/ubuntu/.vscode-server/extensions/ms-python.python-2022.6.2/pythonFiles/lib/jedilsp/pygls/protocol.py", line 331, in _handle_request
    self._execute_request(msg_id, handler, params)
  File "/home/ubuntu/.vscode-server/extensions/ms-python.python-2022.6.2/pythonFiles/lib/jedilsp/pygls/protocol.py", line 260, in _execute_request
    method_name, method_type, msg_id, handler(params))
  File "/home/ubuntu/.vscode-server/extensions/ms-python.python-2022.6.2/pythonFiles/lib/jedilsp/jedi_language_server/server.py", line 551, in code_action
    extract_variable_refactoring = jedi_script.extract_variable(
  File "/home/ubuntu/.vscode-server/extensions/ms-python.python-2022.6.2/pythonFiles/lib/jedilsp/jedi/api/helpers.py", line 487, in wrapper
    return func(self, line, column, *args, **kwargs)
  File "/home/ubuntu/.vscode-server/extensions/ms-python.python-2022.6.2/pythonFiles/lib/jedilsp/jedi/api/__init__.py", line 615, in extract_variable
    return extract_variable(
  File "/home/ubuntu/.vscode-server/extensions/ms-python.python-2022.6.2/pythonFiles/lib/jedilsp/jedi/api/refactoring/extract.py", line 19, in extract_variable
    nodes = _find_nodes(module_node, pos, until_pos)
  File "/home/ubuntu/.vscode-server/extensions/ms-python.python-2022.6.2/pythonFiles/lib/jedilsp/jedi/api/refactoring/extract.py", line 87, in _find_nodes
    nodes = _remove_unwanted_expression_nodes(parent_node, pos, until_pos)
  File "/home/ubuntu/.vscode-server/extensions/ms-python.python-2022.6.2/pythonFiles/lib/jedilsp/jedi/api/refactoring/extract.py", line 198, in _remove_unwanted_expression_nodes
    nodes[0:1] = _remove_unwanted_expression_nodes(nodes[0], pos, until_pos)
  File "/home/ubuntu/.vscode-server/extensions/ms-python.python-2022.6.2/pythonFiles/lib/jedilsp/jedi/api/refactoring/extract.py", line 196, in _remove_unwanted_expression_nodes
    nodes = nodes[start_index:end_index + 1]
UnboundLocalError: local variable 'start_index' referenced before assignment
[Error - 12:39:33 AM] Request textDocument/codeAction failed.
  Message: UnboundLocalError: local variable 'start_index' referenced before assignment
  Code: -32602 
{'traceback': ['  File "/home/ubuntu/.vscode-server/extensions/ms-python.python-2022.6.2/pythonFiles/lib/jedilsp/pygls/protocol.py", line 331, in _handle_request\n    self._execute_request(msg_id, handler, params)\n', '  File "/home/ubuntu/.vscode-server/extensions/ms-python.python-2022.6.2/pythonFiles/lib/jedilsp/pygls/protocol.py", line 260, in _execute_request\n    method_name, method_type, msg_id, handler(params))\n', '  File "/home/ubuntu/.vscode-server/extensions/ms-python.python-2022.6.2/pythonFiles/lib/jedilsp/jedi_language_server/server.py", line 551, in code_action\n    extract_variable_refactoring = jedi_script.extract_variable(\n', '  File "/home/ubuntu/.vscode-server/extensions/ms-python.python-2022.6.2/pythonFiles/lib/jedilsp/jedi/api/helpers.py", line 487, in wrapper\n    return func(self, line, column, *args, **kwargs)\n', '  File "/home/ubuntu/.vscode-server/extensions/ms-python.python-2022.6.2/pythonFiles/lib/jedilsp/jedi/api/__init__.py", line 615, in extract_variable\n    return extract_variable(\n', '  File "/home/ubuntu/.vscode-server/extensions/ms-python.python-2022.6.2/pythonFiles/lib/jedilsp/jedi/api/refactoring/extract.py", line 19, in extract_variable\n    nodes = _find_nodes(module_node, pos, until_pos)\n', '  File "/home/ubuntu/.vscode-server/extensions/ms-python.python-2022.6.2/pythonFiles/lib/jedilsp/jedi/api/refactoring/extract.py", line 87, in _find_nodes\n    nodes = _remove_unwanted_expression_nodes(parent_node, pos, until_pos)\n', '  File "/home/ubuntu/.vscode-server/extensions/ms-python.python-2022.6.2/pythonFiles/lib/jedilsp/jedi/api/refactoring/extract.py", line 198, in _remove_unwanted_expression_nodes\n    nodes[0:1] = _remove_unwanted_expression_nodes(nodes[0], pos, until_pos)\n', '  File "/home/ubuntu/.vscode-server/extensions/ms-python.python-2022.6.2/pythonFiles/lib/jedilsp/jedi/api/refactoring/extract.py", line 196, in _remove_unwanted_expression_nodes\n    nodes = nodes[start_index:end_index + 1]\n']}
WARNING:pygls.protocol:Cancel notification for unknown message id "407"
WARNING:pygls.protocol:Cancel notification for unknown message id "412"
WARNING:pygls.protocol:Cancel notification for unknown message id "421"
WARNING:pygls.protocol:Cancel notification for unknown message id "424"
WARNING:pygls.protocol:Cancel notification for unknown message id "425"
WARNING:pygls.protocol:Cancel notification for unknown message id "426"
ERROR:pygls.protocol:Failed to handle request 428 textDocument/codeAction partial_result_token=None work_done_token=None text_document=TextDocumentIdentifier(uri='file:///home/ubuntu/reciclaProject/users/api/api.py') range=54:44-54:47 context=CodeActionContext(diagnostics=[], only=None)
Traceback (most recent call last):
  File "/home/ubuntu/.vscode-server/extensions/ms-python.python-2022.6.2/pythonFiles/lib/jedilsp/pygls/protocol.py", line 331, in _handle_request
    self._execute_request(msg_id, handler, params)
  File "/home/ubuntu/.vscode-server/extensions/ms-python.python-2022.6.2/pythonFiles/lib/jedilsp/pygls/protocol.py", line 260, in _execute_request
    method_name, method_type, msg_id, handler(params))
  File "/home/ubuntu/.vscode-server/extensions/ms-python.python-2022.6.2/pythonFiles/lib/jedilsp/jedi_language_server/server.py", line 551, in code_action
    extract_variable_refactoring = jedi_script.extract_variable(
  File "/home/ubuntu/.vscode-server/extensions/ms-python.python-2022.6.2/pythonFiles/lib/jedilsp/jedi/api/helpers.py", line 487, in wrapper
    return func(self, line, column, *args, **kwargs)
  File "/home/ubuntu/.vscode-server/extensions/ms-python.python-2022.6.2/pythonFiles/lib/jedilsp/jedi/api/__init__.py", line 615, in extract_variable
    return extract_variable(
  File "/home/ubuntu/.vscode-server/extensions/ms-python.python-2022.6.2/pythonFiles/lib/jedilsp/jedi/api/refactoring/extract.py", line 19, in extract_variable
    nodes = _find_nodes(module_node, pos, until_pos)
  File "/home/ubuntu/.vscode-server/extensions/ms-python.python-2022.6.2/pythonFiles/lib/jedilsp/jedi/api/refactoring/extract.py", line 87, in _find_nodes
    nodes = _remove_unwanted_expression_nodes(parent_node, pos, until_pos)
  File "/home/ubuntu/.vscode-server/extensions/ms-python.python-2022.6.2/pythonFiles/lib/jedilsp/jedi/api/refactoring/extract.py", line 198, in _remove_unwanted_expression_nodes
    nodes[0:1] = _remove_unwanted_expression_nodes(nodes[0], pos, until_pos)
  File "/home/ubuntu/.vscode-server/extensions/ms-python.python-2022.6.2/pythonFiles/lib/jedilsp/jedi/api/refactoring/extract.py", line 196, in _remove_unwanted_expression_nodes
    nodes = nodes[start_index:end_index + 1]
UnboundLocalError: local variable 'start_index' referenced before assignment
[Error - 12:39:45 AM] Request textDocument/codeAction failed.
  Message: UnboundLocalError: local variable 'start_index' referenced before assignment
  Code: -32602 
{'traceback': ['  File "/home/ubuntu/.vscode-server/extensions/ms-python.python-2022.6.2/pythonFiles/lib/jedilsp/pygls/protocol.py", line 331, in _handle_request\n    self._execute_request(msg_id, handler, params)\n', '  File "/home/ubuntu/.vscode-server/extensions/ms-python.python-2022.6.2/pythonFiles/lib/jedilsp/pygls/protocol.py", line 260, in _execute_request\n    method_name, method_type, msg_id, handler(params))\n', '  File "/home/ubuntu/.vscode-server/extensions/ms-python.python-2022.6.2/pythonFiles/lib/jedilsp/jedi_language_server/server.py", line 551, in code_action\n    extract_variable_refactoring = jedi_script.extract_variable(\n', '  File "/home/ubuntu/.vscode-server/extensions/ms-python.python-2022.6.2/pythonFiles/lib/jedilsp/jedi/api/helpers.py", line 487, in wrapper\n    return func(self, line, column, *args, **kwargs)\n', '  File "/home/ubuntu/.vscode-server/extensions/ms-python.python-2022.6.2/pythonFiles/lib/jedilsp/jedi/api/__init__.py", line 615, in extract_variable\n    return extract_variable(\n', '  File "/home/ubuntu/.vscode-server/extensions/ms-python.python-2022.6.2/pythonFiles/lib/jedilsp/jedi/api/refactoring/extract.py", line 19, in extract_variable\n    nodes = _find_nodes(module_node, pos, until_pos)\n', '  File "/home/ubuntu/.vscode-server/extensions/ms-python.python-2022.6.2/pythonFiles/lib/jedilsp/jedi/api/refactoring/extract.py", line 87, in _find_nodes\n    nodes = _remove_unwanted_expression_nodes(parent_node, pos, until_pos)\n', '  File "/home/ubuntu/.vscode-server/extensions/ms-python.python-2022.6.2/pythonFiles/lib/jedilsp/jedi/api/refactoring/extract.py", line 198, in _remove_unwanted_expression_nodes\n    nodes[0:1] = _remove_unwanted_expression_nodes(nodes[0], pos, until_pos)\n', '  File "/home/ubuntu/.vscode-server/extensions/ms-python.python-2022.6.2/pythonFiles/lib/jedilsp/jedi/api/refactoring/extract.py", line 196, in _remove_unwanted_expression_nodes\n    nodes = nodes[start_index:end_index + 1]\n']}
WARNING:pygls.protocol:Cancel notification for unknown message id "439"
WARNING:pygls.protocol:Cancel notification for unknown message id "443"
WARNING:pygls.protocol:Cancel notification for unknown message id "490"
WARNING:pygls.protocol:Cancel notification for unknown message id "499"
WARNING:pygls.protocol:Cancel notification for unknown message id "527"
WARNING:pygls.protocol:Cancel notification for unknown message id "552"
