WARNING:pygls.protocol:Cancel notification for unknown message id "3"
WARNING:pygls.protocol:Cancel notification for unknown message id "5"
WARNING:pygls.protocol:Cancel notification for unknown message id "40"
WARNING:pygls.protocol:Cancel notification for unknown message id "41"
WARNING:pygls.protocol:Cancel notification for unknown message id "42"
WARNING:pygls.protocol:Cancel notification for unknown message id "43"
WARNING:pygls.protocol:Cancel notification for unknown message id "44"
WARNING:pygls.protocol:Cancel notification for unknown message id "48"
WARNING:pygls.protocol:Cancel notification for unknown message id "50"
WARNING:pygls.protocol:Cancel notification for unknown message id "52"
WARNING:pygls.protocol:Cancel notification for unknown message id "51"
WARNING:pygls.protocol:Cancel notification for unknown message id "54"
WARNING:pygls.protocol:Cancel notification for unknown message id "57"
WARNING:pygls.protocol:Cancel notification for unknown message id "74"
WARNING:pygls.protocol:Cancel notification for unknown message id "84"
WARNING:pygls.protocol:Cancel notification for unknown message id "85"
WARNING:pygls.protocol:Cancel notification for unknown message id "87"
WARNING:pygls.protocol:Cancel notification for unknown message id "89"
WARNING:pygls.protocol:Cancel notification for unknown message id "88"
WARNING:pygls.protocol:Cancel notification for unknown message id "116"
WARNING:pygls.protocol:Cancel notification for unknown message id "117"
WARNING:pygls.protocol:Cancel notification for unknown message id "124"
WARNING:pygls.protocol:Cancel notification for unknown message id "143"
WARNING:pygls.protocol:Cancel notification for unknown message id "230"
WARNING:pygls.protocol:Cancel notification for unknown message id "232"
WARNING:pygls.protocol:Cancel notification for unknown message id "263"
WARNING:pygls.protocol:Cancel notification for unknown message id "265"
WARNING:pygls.protocol:Cancel notification for unknown message id "262"
WARNING:pygls.protocol:Cancel notification for unknown message id "266"
WARNING:pygls.protocol:Cancel notification for unknown message id "269"
WARNING:pygls.protocol:Cancel notification for unknown message id "270"
WARNING:pygls.protocol:Cancel notification for unknown message id "321"
WARNING:pygls.protocol:Cancel notification for unknown message id "322"
WARNING:pygls.protocol:Cancel notification for unknown message id "323"
WARNING:pygls.protocol:Cancel notification for unknown message id "325"
WARNING:pygls.protocol:Cancel notification for unknown message id "346"
WARNING:pygls.protocol:Cancel notification for unknown message id "403"
WARNING:pygls.protocol:Cancel notification for unknown message id "416"
WARNING:pygls.protocol:Cancel notification for unknown message id "438"
WARNING:pygls.protocol:Cancel notification for unknown message id "491"
WARNING:pygls.protocol:Cancel notification for unknown message id "552"
WARNING:pygls.protocol:Cancel notification for unknown message id "588"
WARNING:pygls.protocol:Cancel notification for unknown message id "596"
WARNING:pygls.protocol:Cancel notification for unknown message id "604"
WARNING:pygls.protocol:Cancel notification for unknown message id "605"
WARNING:pygls.protocol:Cancel notification for unknown message id "607"
WARNING:pygls.protocol:Cancel notification for unknown message id "609"
WARNING:pygls.protocol:Cancel notification for unknown message id "608"
WARNING:pygls.protocol:Cancel notification for unknown message id "611"
WARNING:pygls.protocol:Cancel notification for unknown message id "614"
WARNING:pygls.protocol:Cancel notification for unknown message id "703"
WARNING:pygls.protocol:Cancel notification for unknown message id "712"
WARNING:pygls.protocol:Cancel notification for unknown message id "713"
WARNING:pygls.protocol:Cancel notification for unknown message id "717"
WARNING:pygls.protocol:Cancel notification for unknown message id "718"
WARNING:pygls.protocol:Cancel notification for unknown message id "724"
WARNING:pygls.protocol:Cancel notification for unknown message id "726"
WARNING:pygls.protocol:Cancel notification for unknown message id "748"
WARNING:pygls.protocol:Cancel notification for unknown message id "757"
WARNING:pygls.protocol:Cancel notification for unknown message id "759"
WARNING:pygls.protocol:Cancel notification for unknown message id "761"
WARNING:pygls.protocol:Cancel notification for unknown message id "763"
WARNING:pygls.protocol:Cancel notification for unknown message id "775"
WARNING:pygls.protocol:Cancel notification for unknown message id "777"
WARNING:pygls.protocol:Cancel notification for unknown message id "793"
WARNING:pygls.protocol:Cancel notification for unknown message id "827"
WARNING:pygls.protocol:Cancel notification for unknown message id "846"
WARNING:pygls.protocol:Cancel notification for unknown message id "847"
WARNING:pygls.protocol:Cancel notification for unknown message id "850"
WARNING:pygls.protocol:Cancel notification for unknown message id "858"
WARNING:pygls.protocol:Cancel notification for unknown message id "860"
WARNING:pygls.protocol:Cancel notification for unknown message id "863"
WARNING:pygls.protocol:Cancel notification for unknown message id "865"
WARNING:pygls.protocol:Cancel notification for unknown message id "867"
WARNING:pygls.protocol:Cancel notification for unknown message id "870"
WARNING:pygls.protocol:Cancel notification for unknown message id "869"
WARNING:pygls.protocol:Cancel notification for unknown message id "871"
WARNING:pygls.protocol:Cancel notification for unknown message id "881"
WARNING:pygls.protocol:Cancel notification for unknown message id "904"
WARNING:pygls.protocol:Cancel notification for unknown message id "915"
WARNING:pygls.protocol:Cancel notification for unknown message id "916"
WARNING:pygls.protocol:Cancel notification for unknown message id "918"
WARNING:pygls.protocol:Cancel notification for unknown message id "921"
WARNING:pygls.protocol:Cancel notification for unknown message id "925"
WARNING:pygls.protocol:Cancel notification for unknown message id "964"
WARNING:pygls.protocol:Cancel notification for unknown message id "962"
WARNING:pygls.protocol:Cancel notification for unknown message id "966"
WARNING:pygls.protocol:Cancel notification for unknown message id "965"
WARNING:pygls.protocol:Cancel notification for unknown message id "982"
WARNING:pygls.protocol:Cancel notification for unknown message id "983"
WARNING:pygls.protocol:Cancel notification for unknown message id "987"
WARNING:pygls.protocol:Cancel notification for unknown message id "1059"
WARNING:pygls.protocol:Cancel notification for unknown message id "1066"
WARNING:pygls.protocol:Cancel notification for unknown message id "1067"
WARNING:pygls.protocol:Cancel notification for unknown message id "1073"
WARNING:pygls.protocol:Cancel notification for unknown message id "1072"
WARNING:pygls.protocol:Cancel notification for unknown message id "1077"
WARNING:pygls.protocol:Cancel notification for unknown message id "1075"
WARNING:pygls.protocol:Cancel notification for unknown message id "1078"
WARNING:pygls.protocol:Cancel notification for unknown message id "1088"
WARNING:pygls.protocol:Cancel notification for unknown message id "1096"
WARNING:pygls.protocol:Cancel notification for unknown message id "1102"
WARNING:pygls.protocol:Cancel notification for unknown message id "1103"
WARNING:pygls.protocol:Cancel notification for unknown message id "1104"
WARNING:pygls.protocol:Cancel notification for unknown message id "1105"
WARNING:pygls.protocol:Cancel notification for unknown message id "1107"
WARNING:pygls.protocol:Cancel notification for unknown message id "1113"
WARNING:pygls.protocol:Cancel notification for unknown message id "1118"
WARNING:pygls.protocol:Cancel notification for unknown message id "1144"
WARNING:pygls.protocol:Cancel notification for unknown message id "1150"
WARNING:pygls.protocol:Cancel notification for unknown message id "1153"
WARNING:pygls.protocol:Cancel notification for unknown message id "1159"
WARNING:pygls.protocol:Cancel notification for unknown message id "1161"
WARNING:pygls.protocol:Cancel notification for unknown message id "1209"
WARNING:pygls.protocol:Cancel notification for unknown message id "1230"
WARNING:pygls.protocol:Cancel notification for unknown message id "1384"
WARNING:pygls.protocol:Cancel notification for unknown message id "1388"
WARNING:pygls.protocol:Cancel notification for unknown message id "1392"
WARNING:pygls.protocol:Cancel notification for unknown message id "1411"
WARNING:pygls.protocol:Cancel notification for unknown message id "1469"
WARNING:pygls.protocol:Cancel notification for unknown message id "1476"
WARNING:pygls.protocol:Cancel notification for unknown message id "1479"
WARNING:pygls.protocol:Cancel notification for unknown message id "1491"
WARNING:pygls.protocol:Cancel notification for unknown message id "1511"
WARNING:pygls.protocol:Cancel notification for unknown message id "1515"
WARNING:pygls.protocol:Cancel notification for unknown message id "1539"
WARNING:pygls.protocol:Cancel notification for unknown message id "1576"
WARNING:pygls.protocol:Cancel notification for unknown message id "1605"
WARNING:pygls.protocol:Cancel notification for unknown message id "1611"
ERROR:pygls.protocol:Failed to handle request 1757 textDocument/hover work_done_token=None text_document=TextDocumentIdentifier(uri='file:///home/ubuntu/reciclaProject/publications/api/api.py') position=52:0
Traceback (most recent call last):
  File "/home/ubuntu/.vscode-server/extensions/ms-python.python-2022.6.3/pythonFiles/lib/jedilsp/pygls/protocol.py", line 331, in _handle_request
    self._execute_request(msg_id, handler, params)
  File "/home/ubuntu/.vscode-server/extensions/ms-python.python-2022.6.3/pythonFiles/lib/jedilsp/pygls/protocol.py", line 260, in _execute_request
    method_name, method_type, msg_id, handler(params))
  File "/home/ubuntu/.vscode-server/extensions/ms-python.python-2022.6.3/pythonFiles/lib/jedilsp/jedi_language_server/server.py", line 352, in hover
    jedi_script.help(
  File "/home/ubuntu/.vscode-server/extensions/ms-python.python-2022.6.3/pythonFiles/lib/jedilsp/jedi/api/helpers.py", line 484, in wrapper
    raise ValueError('`column` parameter (%d) is not in a valid range '
ValueError: `column` parameter (1) is not in a valid range (0-0) for line 53 ('\n').
[Error - 9:30:23 PM] Request textDocument/hover failed.
  Message: ValueError: `column` parameter (1) is not in a valid range (0-0) for line 53 ('\n').
  Code: -32602 
{'traceback': ['  File "/home/ubuntu/.vscode-server/extensions/ms-python.python-2022.6.3/pythonFiles/lib/jedilsp/pygls/protocol.py", line 331, in _handle_request\n    self._execute_request(msg_id, handler, params)\n', '  File "/home/ubuntu/.vscode-server/extensions/ms-python.python-2022.6.3/pythonFiles/lib/jedilsp/pygls/protocol.py", line 260, in _execute_request\n    method_name, method_type, msg_id, handler(params))\n', '  File "/home/ubuntu/.vscode-server/extensions/ms-python.python-2022.6.3/pythonFiles/lib/jedilsp/jedi_language_server/server.py", line 352, in hover\n    jedi_script.help(\n', '  File "/home/ubuntu/.vscode-server/extensions/ms-python.python-2022.6.3/pythonFiles/lib/jedilsp/jedi/api/helpers.py", line 484, in wrapper\n    raise ValueError(\'`column` parameter (%d) is not in a valid range \'\n']}
WARNING:pygls.protocol:Cancel notification for unknown message id "1781"
WARNING:pygls.protocol:Cancel notification for unknown message id "1820"
WARNING:pygls.protocol:Cancel notification for unknown message id "1850"
WARNING:pygls.protocol:Cancel notification for unknown message id "1893"
WARNING:pygls.protocol:Cancel notification for unknown message id "1915"
WARNING:pygls.protocol:Cancel notification for unknown message id "1916"
WARNING:pygls.protocol:Cancel notification for unknown message id "1936"
WARNING:pygls.protocol:Cancel notification for unknown message id "1944"
WARNING:pygls.protocol:Cancel notification for unknown message id "1952"
WARNING:pygls.protocol:Cancel notification for unknown message id "1979"
WARNING:pygls.protocol:Cancel notification for unknown message id "1980"
WARNING:pygls.protocol:Cancel notification for unknown message id "1981"
WARNING:pygls.protocol:Cancel notification for unknown message id "1982"
WARNING:pygls.protocol:Cancel notification for unknown message id "1983"
WARNING:pygls.protocol:Cancel notification for unknown message id "1984"
WARNING:pygls.protocol:Cancel notification for unknown message id "1986"
WARNING:pygls.protocol:Cancel notification for unknown message id "1987"
WARNING:pygls.protocol:Cancel notification for unknown message id "1989"
WARNING:pygls.protocol:Cancel notification for unknown message id "1988"
WARNING:pygls.protocol:Cancel notification for unknown message id "1991"
WARNING:pygls.protocol:Cancel notification for unknown message id "1990"
WARNING:pygls.protocol:Cancel notification for unknown message id "1994"
WARNING:pygls.protocol:Cancel notification for unknown message id "1995"
WARNING:pygls.protocol:Cancel notification for unknown message id "1997"
WARNING:pygls.protocol:Cancel notification for unknown message id "1996"
WARNING:pygls.protocol:Cancel notification for unknown message id "1999"
WARNING:pygls.protocol:Cancel notification for unknown message id "1998"
WARNING:pygls.protocol:Cancel notification for unknown message id "2001"
WARNING:pygls.protocol:Cancel notification for unknown message id "2002"
WARNING:pygls.protocol:Cancel notification for unknown message id "2006"
WARNING:pygls.protocol:Cancel notification for unknown message id "2009"
WARNING:pygls.protocol:Cancel notification for unknown message id "2008"
WARNING:pygls.protocol:Cancel notification for unknown message id "2010"
WARNING:pygls.protocol:Cancel notification for unknown message id "2015"
WARNING:pygls.protocol:Cancel notification for unknown message id "2028"
WARNING:pygls.protocol:Cancel notification for unknown message id "2031"
WARNING:pygls.protocol:Cancel notification for unknown message id "2036"
WARNING:pygls.protocol:Cancel notification for unknown message id "2038"
WARNING:pygls.protocol:Cancel notification for unknown message id "2039"
WARNING:pygls.protocol:Cancel notification for unknown message id "2046"
WARNING:pygls.protocol:Cancel notification for unknown message id "2082"
WARNING:pygls.protocol:Cancel notification for unknown message id "2088"
WARNING:pygls.protocol:Cancel notification for unknown message id "2125"
WARNING:pygls.protocol:Cancel notification for unknown message id "2126"
WARNING:pygls.protocol:Cancel notification for unknown message id "2129"
WARNING:pygls.protocol:Cancel notification for unknown message id "2134"
WARNING:pygls.protocol:Cancel notification for unknown message id "2135"
WARNING:pygls.protocol:Cancel notification for unknown message id "2154"
WARNING:pygls.protocol:Cancel notification for unknown message id "2155"
WARNING:pygls.protocol:Cancel notification for unknown message id "2160"
WARNING:pygls.protocol:Cancel notification for unknown message id "2168"
WARNING:pygls.protocol:Cancel notification for unknown message id "2169"
WARNING:pygls.protocol:Cancel notification for unknown message id "2190"
WARNING:pygls.protocol:Cancel notification for unknown message id "2191"
WARNING:pygls.protocol:Cancel notification for unknown message id "2222"
WARNING:pygls.protocol:Cancel notification for unknown message id "2246"
WARNING:pygls.protocol:Cancel notification for unknown message id "2248"
WARNING:pygls.protocol:Cancel notification for unknown message id "2249"
WARNING:pygls.protocol:Cancel notification for unknown message id "2258"
WARNING:pygls.protocol:Cancel notification for unknown message id "2266"
WARNING:pygls.protocol:Cancel notification for unknown message id "2267"
WARNING:pygls.protocol:Cancel notification for unknown message id "2275"
WARNING:pygls.protocol:Cancel notification for unknown message id "2276"
WARNING:pygls.protocol:Cancel notification for unknown message id "2277"
WARNING:pygls.protocol:Cancel notification for unknown message id "2278"
WARNING:pygls.protocol:Cancel notification for unknown message id "2279"
WARNING:pygls.protocol:Cancel notification for unknown message id "2283"
WARNING:pygls.protocol:Cancel notification for unknown message id "2306"
WARNING:pygls.protocol:Cancel notification for unknown message id "2307"
WARNING:pygls.protocol:Cancel notification for unknown message id "2309"
WARNING:pygls.protocol:Cancel notification for unknown message id "2311"
WARNING:pygls.protocol:Cancel notification for unknown message id "2312"
WARNING:pygls.protocol:Cancel notification for unknown message id "2314"
WARNING:pygls.protocol:Cancel notification for unknown message id "2313"
WARNING:pygls.protocol:Cancel notification for unknown message id "2317"
WARNING:pygls.protocol:Cancel notification for unknown message id "2319"
WARNING:pygls.protocol:Cancel notification for unknown message id "2321"
WARNING:pygls.protocol:Cancel notification for unknown message id "2320"
WARNING:pygls.protocol:Cancel notification for unknown message id "2327"
WARNING:pygls.protocol:Cancel notification for unknown message id "2335"
WARNING:pygls.protocol:Cancel notification for unknown message id "2336"
WARNING:pygls.protocol:Cancel notification for unknown message id "2350"
WARNING:pygls.protocol:Cancel notification for unknown message id "2354"
WARNING:pygls.protocol:Cancel notification for unknown message id "2360"
WARNING:pygls.protocol:Cancel notification for unknown message id "2363"
WARNING:pygls.protocol:Cancel notification for unknown message id "2368"
WARNING:pygls.protocol:Cancel notification for unknown message id "2381"
WARNING:pygls.protocol:Cancel notification for unknown message id "2383"
WARNING:pygls.protocol:Cancel notification for unknown message id "2384"
WARNING:pygls.protocol:Cancel notification for unknown message id "2393"
WARNING:pygls.protocol:Cancel notification for unknown message id "2395"
WARNING:pygls.protocol:Cancel notification for unknown message id "2397"
WARNING:pygls.protocol:Cancel notification for unknown message id "2396"
WARNING:pygls.protocol:Cancel notification for unknown message id "2398"
WARNING:pygls.protocol:Cancel notification for unknown message id "2403"
WARNING:pygls.protocol:Cancel notification for unknown message id "2405"
WARNING:pygls.protocol:Cancel notification for unknown message id "2407"
WARNING:pygls.protocol:Cancel notification for unknown message id "2408"
WARNING:pygls.protocol:Cancel notification for unknown message id "2409"
WARNING:pygls.protocol:Cancel notification for unknown message id "2410"
WARNING:pygls.protocol:Cancel notification for unknown message id "2411"
WARNING:pygls.protocol:Cancel notification for unknown message id "2436"
WARNING:pygls.protocol:Cancel notification for unknown message id "2448"
WARNING:pygls.protocol:Cancel notification for unknown message id "2463"
WARNING:pygls.protocol:Cancel notification for unknown message id "2464"
WARNING:pygls.protocol:Cancel notification for unknown message id "2478"
WARNING:pygls.protocol:Cancel notification for unknown message id "2485"
WARNING:pygls.protocol:Cancel notification for unknown message id "2484"
WARNING:pygls.protocol:Cancel notification for unknown message id "2488"
WARNING:pygls.protocol:Cancel notification for unknown message id "2492"
WARNING:pygls.protocol:Cancel notification for unknown message id "2491"
WARNING:pygls.protocol:Cancel notification for unknown message id "2502"
WARNING:pygls.protocol:Cancel notification for unknown message id "2509"
WARNING:pygls.protocol:Cancel notification for unknown message id "2525"
WARNING:pygls.protocol:Cancel notification for unknown message id "2530"
WARNING:pygls.protocol:Cancel notification for unknown message id "2531"
WARNING:pygls.protocol:Cancel notification for unknown message id "2539"
WARNING:pygls.protocol:Cancel notification for unknown message id "2556"
WARNING:pygls.protocol:Cancel notification for unknown message id "2557"
WARNING:pygls.protocol:Cancel notification for unknown message id "2566"
WARNING:pygls.protocol:Cancel notification for unknown message id "2600"
WARNING:pygls.protocol:Cancel notification for unknown message id "2633"
WARNING:pygls.protocol:Cancel notification for unknown message id "2642"
WARNING:pygls.protocol:Cancel notification for unknown message id "2673"
WARNING:pygls.protocol:Cancel notification for unknown message id "2766"
WARNING:pygls.protocol:Cancel notification for unknown message id "2767"
WARNING:pygls.protocol:Cancel notification for unknown message id "2780"
WARNING:pygls.protocol:Cancel notification for unknown message id "2781"
WARNING:pygls.protocol:Cancel notification for unknown message id "2783"
WARNING:pygls.protocol:Cancel notification for unknown message id "2795"
WARNING:pygls.protocol:Cancel notification for unknown message id "2815"
WARNING:pygls.protocol:Cancel notification for unknown message id "2818"
WARNING:pygls.protocol:Cancel notification for unknown message id "2824"
WARNING:pygls.protocol:Cancel notification for unknown message id "2828"
WARNING:pygls.protocol:Cancel notification for unknown message id "2858"
WARNING:pygls.protocol:Cancel notification for unknown message id "2859"
WARNING:pygls.protocol:Cancel notification for unknown message id "2875"
WARNING:pygls.protocol:Cancel notification for unknown message id "2878"
WARNING:pygls.protocol:Cancel notification for unknown message id "2883"
WARNING:pygls.protocol:Cancel notification for unknown message id "2884"
WARNING:pygls.protocol:Cancel notification for unknown message id "2885"
WARNING:pygls.protocol:Cancel notification for unknown message id "2886"
WARNING:pygls.protocol:Cancel notification for unknown message id "2943"
WARNING:pygls.protocol:Cancel notification for unknown message id "2955"
WARNING:pygls.protocol:Cancel notification for unknown message id "3003"
WARNING:pygls.protocol:Cancel notification for unknown message id "3029"
WARNING:pygls.protocol:Cancel notification for unknown message id "3098"
WARNING:pygls.protocol:Cancel notification for unknown message id "3116"
WARNING:pygls.protocol:Cancel notification for unknown message id "3121"
WARNING:pygls.protocol:Cancel notification for unknown message id "3128"
WARNING:pygls.protocol:Cancel notification for unknown message id "3135"
WARNING:pygls.protocol:Cancel notification for unknown message id "3140"
WARNING:pygls.protocol:Cancel notification for unknown message id "3148"
WARNING:pygls.protocol:Cancel notification for unknown message id "3151"
WARNING:pygls.protocol:Cancel notification for unknown message id "3153"
WARNING:pygls.protocol:Cancel notification for unknown message id "3166"
WARNING:pygls.protocol:Cancel notification for unknown message id "3167"
WARNING:pygls.protocol:Cancel notification for unknown message id "3165"
WARNING:pygls.protocol:Cancel notification for unknown message id "3170"
WARNING:pygls.protocol:Cancel notification for unknown message id "3168"
WARNING:pygls.protocol:Cancel notification for unknown message id "3169"
WARNING:pygls.protocol:Cancel notification for unknown message id "3172"
WARNING:pygls.protocol:Cancel notification for unknown message id "3171"
WARNING:pygls.protocol:Cancel notification for unknown message id "3175"
WARNING:pygls.protocol:Cancel notification for unknown message id "3174"
WARNING:pygls.protocol:Cancel notification for unknown message id "3173"
WARNING:pygls.protocol:Cancel notification for unknown message id "3178"
WARNING:pygls.protocol:Cancel notification for unknown message id "3177"
WARNING:pygls.protocol:Cancel notification for unknown message id "3181"
WARNING:pygls.protocol:Cancel notification for unknown message id "3180"
WARNING:pygls.protocol:Cancel notification for unknown message id "3182"
WARNING:pygls.protocol:Cancel notification for unknown message id "3183"
WARNING:pygls.protocol:Cancel notification for unknown message id "3184"
WARNING:pygls.protocol:Cancel notification for unknown message id "3179"
WARNING:pygls.protocol:Cancel notification for unknown message id "3186"
WARNING:pygls.protocol:Cancel notification for unknown message id "3208"
WARNING:pygls.protocol:Cancel notification for unknown message id "3217"
WARNING:pygls.protocol:Cancel notification for unknown message id "3309"
WARNING:pygls.protocol:Cancel notification for unknown message id "3334"
WARNING:pygls.protocol:Cancel notification for unknown message id "3335"
WARNING:pygls.protocol:Cancel notification for unknown message id "3347"
WARNING:pygls.protocol:Cancel notification for unknown message id "3355"
WARNING:pygls.protocol:Cancel notification for unknown message id "3360"
WARNING:pygls.protocol:Cancel notification for unknown message id "3361"
WARNING:pygls.protocol:Cancel notification for unknown message id "3362"
WARNING:pygls.protocol:Cancel notification for unknown message id "3364"
WARNING:pygls.protocol:Cancel notification for unknown message id "3363"
WARNING:pygls.protocol:Cancel notification for unknown message id "3366"
WARNING:pygls.protocol:Cancel notification for unknown message id "3365"
WARNING:pygls.protocol:Cancel notification for unknown message id "3368"
WARNING:pygls.protocol:Cancel notification for unknown message id "3369"
WARNING:pygls.protocol:Cancel notification for unknown message id "3371"
WARNING:pygls.protocol:Cancel notification for unknown message id "3403"
