*
* Visual Studio Code Server
*
* By using the software, you agree to
* the Visual Studio Code Server License Terms (https://aka.ms/vscode-server-license) and
* the Microsoft Privacy Statement (https://privacy.microsoft.com/en-US/privacystatement).
*
Server bound to 127.0.0.1:43445 (IPv4)
Extension host agent listening on 43445

[18:18:05] Extension host agent started.
[18:18:07] [127.0.0.1][d388d757][ManagementConnection] New connection established.
[18:18:08] [127.0.0.1][5f368427][ExtensionHostConnection] New connection established.
[18:18:08] [127.0.0.1][5f368427][ExtensionHostConnection] <5490> Launched Extension Host Process.
Overwriting extension /home/ubuntu/.vscode-server/bin/8dfae7a5cd50421d10cd99cb873990460525a898/extensions/ms-vscode.js-debug-companion with /home/ubuntu/.vscode-server/extensions/ms-vscode.js-debug-companion-1.0.17.
Overwriting extension /home/ubuntu/.vscode-server/bin/8dfae7a5cd50421d10cd99cb873990460525a898/extensions/ms-vscode.references-view with /home/ubuntu/.vscode-server/extensions/ms-vscode.references-view-0.0.89.
[IPC Library: Pty Host]  WARN Shell integration cannot be enabled for executable "/bin/sh" and args [
  '-c',
  'wget --version > /dev/null\n' +
    'if [ $? -eq 0 ]\n' +
    'then\n' +
    "\twget --connect-timeout=7 --tries=1 --dns-timeout=7 -q --header='Metadata:true' -O - http://169.254.169.254/metadata/instance?api-version=2019-03-11\n" +
    'else\n' +
    '\tcurl --version > /dev/null\n' +
    '\tif [ $? -eq 0 ]\n' +
    '\tthen\n' +
    "\t\tcurl --connect-timeout 7 -s --header='Metadata:true' http://169.254.169.254/metadata/instance?api-version=2019-03-11\n" +
    '\tfi\n' +
    'fi\n' +
    'exit 0'
]
[IPC Library: Pty Host]  WARN Shell integration cannot be enabled for executable "/bin/sh" and args [
  '-c',
  'wget --version > /dev/null\n' +
    'if [ $? -eq 0 ]\n' +
    'then\n' +
    '\twget --connect-timeout=7 --tries=1 --dns-timeout=7 -q  -O - http://169.254.169.254/latest/meta-data/instance-id\n' +
    'else\n' +
    '\tcurl --version > /dev/null\n' +
    '\tif [ $? -eq 0 ]\n' +
    '\tthen\n' +
    '\t\tcurl --connect-timeout 7 -s  http://169.254.169.254/latest/meta-data/instance-id\n' +
    '\tfi\n' +
    'fi\n' +
    'exit 0'
]
[IPC Library: Pty Host]  WARN Shell integration cannot be enabled for executable "/bin/sh" and args [
  '-c',
  'wget --version > /dev/null\n' +
    'if [ $? -eq 0 ]\n' +
    'then\n' +
    '\twget --connect-timeout=7 --tries=1 --dns-timeout=7 -q  -O - http://169.254.169.254/metadata/v1/id\n' +
    'else\n' +
    '\tcurl --version > /dev/null\n' +
    '\tif [ $? -eq 0 ]\n' +
    '\tthen\n' +
    '\t\tcurl --connect-timeout 7 -s  http://169.254.169.254/metadata/v1/id\n' +
    '\tfi\n' +
    'fi\n' +
    'exit 0'
]
[IPC Library: Pty Host]  WARN Shell integration cannot be enabled for executable "/bin/sh" and args [
  '-c',
  'wget --version > /dev/null\n' +
    'if [ $? -eq 0 ]\n' +
    'then\n' +
    "\twget --connect-timeout=7 --tries=1 --dns-timeout=7 -q --header='Metadata-Flavor:Google' -O - http://metadata.google.internal/computeMetadata/v1/instance/id\n" +
    'else\n' +
    '\tcurl --version > /dev/null\n' +
    '\tif [ $? -eq 0 ]\n' +
    '\tthen\n' +
    "\t\tcurl --connect-timeout 7 -s --header='Metadata-Flavor:Google' http://metadata.google.internal/computeMetadata/v1/instance/id\n" +
    '\tfi\n' +
    'fi\n' +
    'exit 0'
]
[IPC Library: Pty Host]  WARN Shell integration cannot be enabled for executable "/bin/bash" and args []
[21:55:11] [127.0.0.1][d388d757][ManagementConnection] The client has disconnected, will wait for reconnection 3h before disposing...
Error: Unexpected SIGPIPE
    at process.<anonymous> (/home/ubuntu/.vscode-server/bin/8dfae7a5cd50421d10cd99cb873990460525a898/out/bootstrap.js:1:370)
    at process.emit (node:events:390:28)
[21:58:42] [127.0.0.1][d388d757][ManagementConnection] Another client has connected, will shorten the wait for reconnection 5m before disposing...
[21:58:42] [127.0.0.1][8eb8a3ed][ManagementConnection] New connection established.
[21:58:43] [127.0.0.1][d7589d6b][ExtensionHostConnection] New connection established.
[21:58:43] [127.0.0.1][d7589d6b][ExtensionHostConnection] <9309> Launched Extension Host Process.
Overwriting extension /home/ubuntu/.vscode-server/bin/8dfae7a5cd50421d10cd99cb873990460525a898/extensions/ms-vscode.js-debug-companion with /home/ubuntu/.vscode-server/extensions/ms-vscode.js-debug-companion-1.0.17.
Overwriting extension /home/ubuntu/.vscode-server/bin/8dfae7a5cd50421d10cd99cb873990460525a898/extensions/ms-vscode.references-view with /home/ubuntu/.vscode-server/extensions/ms-vscode.references-view-0.0.89.
[IPC Library: Pty Host]  WARN Shell integration cannot be enabled for executable "/bin/sh" and args [
  '-c',
  'wget --version > /dev/null\n' +
    'if [ $? -eq 0 ]\n' +
    'then\n' +
    "\twget --connect-timeout=7 --tries=1 --dns-timeout=7 -q --header='Metadata:true' -O - http://169.254.169.254/metadata/instance?api-version=2019-03-11\n" +
    'else\n' +
    '\tcurl --version > /dev/null\n' +
    '\tif [ $? -eq 0 ]\n' +
    '\tthen\n' +
    "\t\tcurl --connect-timeout 7 -s --header='Metadata:true' http://169.254.169.254/metadata/instance?api-version=2019-03-11\n" +
    '\tfi\n' +
    'fi\n' +
    'exit 0'
]
[IPC Library: Pty Host]  WARN Shell integration cannot be enabled for executable "/bin/sh" and args [
  '-c',
  'wget --version > /dev/null\n' +
    'if [ $? -eq 0 ]\n' +
    'then\n' +
    '\twget --connect-timeout=7 --tries=1 --dns-timeout=7 -q  -O - http://169.254.169.254/latest/meta-data/instance-id\n' +
    'else\n' +
    '\tcurl --version > /dev/null\n' +
    '\tif [ $? -eq 0 ]\n' +
    '\tthen\n' +
    '\t\tcurl --connect-timeout 7 -s  http://169.254.169.254/latest/meta-data/instance-id\n' +
    '\tfi\n' +
    'fi\n' +
    'exit 0'
]
[IPC Library: Pty Host]  WARN Shell integration cannot be enabled for executable "/bin/sh" and args [
  '-c',
  'wget --version > /dev/null\n' +
    'if [ $? -eq 0 ]\n' +
    'then\n' +
    '\twget --connect-timeout=7 --tries=1 --dns-timeout=7 -q  -O - http://169.254.169.254/metadata/v1/id\n' +
    'else\n' +
    '\tcurl --version > /dev/null\n' +
    '\tif [ $? -eq 0 ]\n' +
    '\tthen\n' +
    '\t\tcurl --connect-timeout 7 -s  http://169.254.169.254/metadata/v1/id\n' +
    '\tfi\n' +
    'fi\n' +
    'exit 0'
]
[IPC Library: Pty Host]  WARN Shell integration cannot be enabled for executable "/bin/sh" and args [
  '-c',
  'wget --version > /dev/null\n' +
    'if [ $? -eq 0 ]\n' +
    'then\n' +
    "\twget --connect-timeout=7 --tries=1 --dns-timeout=7 -q --header='Metadata-Flavor:Google' -O - http://metadata.google.internal/computeMetadata/v1/instance/id\n" +
    'else\n' +
    '\tcurl --version > /dev/null\n' +
    '\tif [ $? -eq 0 ]\n' +
    '\tthen\n' +
    "\t\tcurl --connect-timeout 7 -s --header='Metadata-Flavor:Google' http://metadata.google.internal/computeMetadata/v1/instance/id\n" +
    '\tfi\n' +
    'fi\n' +
    'exit 0'
]
[IPC Library: Pty Host]  INFO Persistent process "6": Replaying 7480 chars and 1 size events
[21:58:50] Getting Manifest... ms-python.python
[21:58:50] Installing extension: ms-python.python
[21:58:52] Downloaded extension: ms-python.python /home/ubuntu/.vscode-server/data/CachedExtensionVSIXs/ms-python.python-2022.4.1
[21:59:12] Extracted extension to /home/ubuntu/.vscode-server/extensions/.d033a8b7-9d29-4223-9c1a-9ba37e462825: ms-python.python
[21:59:12] Renamed to /home/ubuntu/.vscode-server/extensions/ms-python.python-2022.4.1
[21:59:12] Extracting completed. ms-python.python
[21:59:12] Extension installed successfully: ms-python.python
[22:03:43] [127.0.0.1][d388d757][ManagementConnection] The reconnection short grace time of 5m has expired, so the connection will be disposed.
[22:03:43] [127.0.0.1][5f368427][ExtensionHostConnection] <5490> Extension Host Process exited with code: 0, signal: null.
[IPC Library: Pty Host]  WARN Shell integration cannot be enabled for executable "/usr/bin/bash" and args undefined
[03:18:04] [127.0.0.1][8eb8a3ed][ManagementConnection] The client has disconnected gracefully, so the connection will be disposed.
[03:18:04] [127.0.0.1][d7589d6b][ExtensionHostConnection] <9309> Extension Host Process exited with code: 0, signal: null.
Last EH closed, waiting before shutting down
[03:18:04] Last EH closed, waiting before shutting down
Last EH closed, shutting down
[03:23:04] Last EH closed, shutting down
